build/app/outputs/mapping/release/seeds.txt
test.app.rightware.MainActivity: MainActivity()
test.app.rightware.MainActivity
...
com.google.android.gms.location.LocationResult: android.os.Parcelable$Creator CREATOR
androidx.appcompat.view.menu.ListMenuItemView: void setCheckable(boolean)
androidx.vectordrawable.graphics.drawable.VectorDrawableCompat$VPathRenderer: void setRootAlpha(int)
android.support.v4.media.AudioAttributesImplApi26Parcelizer: void write(androidx.media.AudioAttributesImplApi26,androidx.versionedparcelable.VersionedParcel)
com.google.firestore.v1.Target: int RESUME_TOKEN_FIELD_NUMBER
androidx.appcompat.widget.ButtonBarLayout: void setStacked(boolean)
com.google.firebase.perf.metrics.Trace: void putAttribute(java.lang.String,java.lang.String)
com.google.firestore.v1.StructuredQuery$UnaryFilter: com.google.firestore.v1.StructuredQuery$UnaryFilter DEFAULT_INSTANCE
com.google.firebase.perf.session.gauges.GaugeManager: long getMemoryGaugeCollectionFrequencyMs(com.google.firebase.perf.v1.ApplicationProcessState)
io.flutter.embedding.engine.renderer.SurfaceTextureWrapper: android.graphics.SurfaceTexture surfaceTexture()
com.google.android.gms.internal.measurement.zzfw: com.google.android.gms.internal.measurement.zzgb zzS
org.threeten.bp.Period: java.lang.Object readResolve()
com.google.android.gms.measurement.AppMeasurementJobService: AppMeasurementJobService()
androidx.fragment.app.FragmentManagerState: android.os.Parcelable$Creator CREATOR
com.google.firestore.v1.ListenRequest: java.lang.Object targetChange_
io.flutter.view.AccessibilityViewEmbedder: java.lang.String TAG
com.google.android.gms.internal.measurement.zzgk
com.google.android.gms.internal.firebase-auth-api.zzhj: com.google.android.gms.internal.firebase-auth-api.zzyu zzg
com.google.firestore.v1.TransactionOptions$ReadOnly
io.flutter.view.AccessibilityBridge$Action: io.flutter.view.AccessibilityBridge$Action valueOf(java.lang.String)
androidx.appcompat.widget.AppCompatTextView: void setCustomSelectionActionModeCallback(android.view.ActionMode$Callback)
com.google.firebase.auth.FirebaseAuth: com.google.firebase.auth.FirebaseAuth getInstance(com.google.firebase.FirebaseApp)
com.dexterous.flutterlocalnotifications.models.NotificationChannelDetails: java.lang.Boolean enableVibration
androidx.appcompat.widget.AppCompatRadioButton: android.content.res.ColorStateList getSupportBackgroundTintList()
com.google.firebase.perf.application.AppStateUpdateHandler: void registerForAppState()
com.dexterous.flutterlocalnotifications.FlutterLocalNotificationsPlugin: android.net.Uri retrieveSoundResourceUri(android.content.Context,java.lang.String,com.dexterous.flutterlocalnotifications.SoundSource)
androidx.appcompat.widget.SearchView: void setSearchableInfo(android.app.SearchableInfo)
org.threeten.bp.YearMonth: java.lang.Object readResolve()
com.google.android.gms.internal.firebase-auth-api.zzji: com.google.android.gms.internal.firebase-auth-api.zzij zzf
org.threeten.bp.chrono.ThaiBuddhistEra: org.threeten.bp.chrono.ThaiBuddhistEra valueOf(java.lang.String)
androidx.appcompat.view.menu.ListMenuItemView: void setChecked(boolean)
io.flutter.plugin.editing.ImeSyncDeferringInsetsCallback$AnimationCallback
com.google.firestore.v1.BatchGetDocumentsResponse$ResultCase: com.google.firestore.v1.BatchGetDocumentsResponse$ResultCase[] values()
com.google.firebase.firestore.util.Logger$Level: com.google.firebase.firestore.util.Logger$Level valueOf(java.lang.String)
com.google.android.gms.internal.firebase-auth-api.zzie: com.google.android.gms.internal.firebase-auth-api.zzie zzb
androidx.appcompat.widget.AppCompatTextView: android.content.res.ColorStateList getSupportBackgroundTintList()
com.google.firebase.iid.FirebaseInstanceIdReceiver: FirebaseInstanceIdReceiver()
androidx.appcompat.widget.AlertDialogLayout
com.google.android.gms.internal.firebase-auth-api.zzie: com.google.android.gms.internal.firebase-auth-api.zzyu zzf
com.google.firebase.perf.v1.GaugeMetadata: int bitField0_
androidx.appcompat.widget.AppCompatImageView: void setSupportImageTintMode(android.graphics.PorterDuff$Mode)