build/app/outputs/mapping/release/mapping.txt
# compiler: R8
# compiler_version: 2.1.86
# min_api: 21
# pg_map_id: fbfa4fb
# common_typos_disable
...
com.google.protobuf.Any$Builder -> c.b.f.e$b:
com.google.protobuf.ArrayDecoders -> c.b.f.f:
    int decodeSInt32List(int,byte[],int,int,com.google.protobuf.Internal$ProtobufList,com.google.protobuf.ArrayDecoders$Registers) -> A
    int decodeSInt64List(int,byte[],int,int,com.google.protobuf.Internal$ProtobufList,com.google.protobuf.ArrayDecoders$Registers) -> B
    int decodeString(byte[],int,com.google.protobuf.ArrayDecoders$Registers) -> C
    int decodeStringList(int,byte[],int,int,com.google.protobuf.Internal$ProtobufList,com.google.protobuf.ArrayDecoders$Registers) -> D
    int decodeStringListRequireUtf8(int,byte[],int,int,com.google.protobuf.Internal$ProtobufList,com.google.protobuf.ArrayDecoders$Registers) -> E
    int decodeStringRequireUtf8(byte[],int,com.google.protobuf.ArrayDecoders$Registers) -> F
    int decodeUnknownField(int,byte[],int,int,com.google.protobuf.UnknownFieldSetLite,com.google.protobuf.ArrayDecoders$Registers) -> G
    int decodeVarint32(int,byte[],int,com.google.protobuf.ArrayDecoders$Registers) -> H
    int decodeVarint32(byte[],int,com.google.protobuf.ArrayDecoders$Registers) -> I
    int decodeVarint32List(int,byte[],int,int,com.google.protobuf.Internal$ProtobufList,com.google.protobuf.ArrayDecoders$Registers) -> J
    int decodeVarint64(long,byte[],int,com.google.protobuf.ArrayDecoders$Registers) -> K
    int decodeVarint64(byte[],int,com.google.protobuf.ArrayDecoders$Registers) -> L
com.google.protobuf.ArrayDecoders$1 -> c.b.f.f$a:
    int[] $SwitchMap$com$google$protobuf$WireFormat$FieldType -> a
com.google.protobuf.ArrayDecoders$Registers -> c.b.f.f$b:
    com.google.protobuf.ExtensionRegistryLite extensionRegistry -> d
    long long1 -> b
    java.lang.Object object1 -> c
    int int1 -> a
com.google.protobuf.BinaryReader -> c.b.f.g:
    com.google.protobuf.BinaryReader newInstance(java.nio.ByteBuffer,boolean) -> Q
com.google.protobuf.BinaryReader$1 -> c.b.f.g$a:
    int[] $SwitchMap$com$google$protobuf$WireFormat$FieldType -> a
com.google.protobuf.BinaryReader$SafeHeapReader -> c.b.f.g$b:
    byte[] buffer -> b
    int endGroupTag -> f
    int limit -> d
    int tag -> e
    boolean bufferIsImmutable -> a
    int pos -> c
    java.lang.Object readGroupBySchemaWithCheck(com.google.protobuf.Schema,com.google.protobuf.ExtensionRegistryLite) -> A
    com.google.protobuf.ByteString readBytes() -> B
    void readFloatList(java.util.List) -> C
    int readUInt32() -> D
    int readInt32() -> E
    boolean skipField() -> F
    int readSFixed32() -> G
    void readBytesList(java.util.List) -> H
    void readDoubleList(java.util.List) -> I
    void readInt64List(java.util.List) -> J
    void readSFixed64List(java.util.List) -> K
    long readInt64() -> L
    java.lang.String readStringRequireUtf8() -> M
    void readFixed64List(java.util.List) -> N
    void readInt32List(java.util.List) -> O
    void readEnumList(java.util.List) -> P
    boolean isAtEnd() -> R
    byte readByte() -> S
    java.lang.Object readField(com.google.protobuf.WireFormat$FieldType,java.lang.Class,com.google.protobuf.ExtensionRegistryLite) -> T
    java.lang.Object readGroup(com.google.protobuf.Schema,com.google.protobuf.ExtensionRegistryLite) -> U
    int readLittleEndian32() -> V
    int readLittleEndian32_NoCheck() -> W
    long readLittleEndian64() -> X
    long readLittleEndian64_NoCheck() -> Y
    java.lang.Object readMessage(com.google.protobuf.Schema,com.google.protobuf.ExtensionRegistryLite) -> Z