build/app/outputs/mapping/release/usage.txt
test.app.rightware.R$xml
test.app.rightware.R$integer
test.app.rightware.R$drawable
test.app.rightware.R$attr
test.app.rightware.R$color
test.app.rightware.R$styleable
test.app.rightware.R$dimen
test.app.rightware.R$anim
test.app.rightware.R
test.app.rightware.R$style
test.app.rightware.R$interpolator
test.app.rightware.BuildConfig
test.app.rightware.R$string
test.app.rightware.R$bool
test.app.rightware.R$layout
test.app.rightware.R$id
test.app.rightware.R$mipmap
...
com.google.firebase.datatransport.R$layout
com.google.firestore.bundle.BundledQuery:
    private void clearQueryType()
    private void clearParent()
    private void setParentBytes(com.google.protobuf.ByteString)
    private void mergeStructuredQuery(com.google.firestore.v1.StructuredQuery)
    private void clearStructuredQuery()
    private void setLimitTypeValue(int)
    private void clearLimitType()
    public static com.google.firestore.bundle.BundledQuery parseFrom(java.nio.ByteBuffer)
    public static com.google.firestore.bundle.BundledQuery parseFrom(java.nio.ByteBuffer,com.google.protobuf.ExtensionRegistryLite)
    public static com.google.firestore.bundle.BundledQuery parseFrom(com.google.protobuf.ByteString)
    public static com.google.firestore.bundle.BundledQuery parseFrom(com.google.protobuf.ByteString,com.google.protobuf.ExtensionRegistryLite)
    public static com.google.firestore.bundle.BundledQuery parseFrom(byte[],com.google.protobuf.ExtensionRegistryLite)
    public static com.google.firestore.bundle.BundledQuery parseFrom(java.io.InputStream)
    public static com.google.firestore.bundle.BundledQuery parseFrom(java.io.InputStream,com.google.protobuf.ExtensionRegistryLite)
    public static com.google.firestore.bundle.BundledQuery parseDelimitedFrom(java.io.InputStream)
    public static com.google.firestore.bundle.BundledQuery parseDelimitedFrom(java.io.InputStream,com.google.protobuf.ExtensionRegistryLite)
com.google.firebase.firestore.model.mutation.SetMutation:
    public void <init>(com.google.firebase.firestore.model.DocumentKey,com.google.firebase.firestore.model.ObjectValue,com.google.firebase.firestore.model.mutation.Precondition)
com.google.cloud.datastore.core.number.NumberIndexEncoder
org.threeten.bp.temporal.TemporalUnit:
    public abstract org.threeten.bp.Duration getDuration()
    public abstract boolean isDurationEstimated()
    public abstract boolean isTimeBased()
    public abstract boolean isSupportedBy(org.threeten.bp.temporal.Temporal)
    public abstract long between(org.threeten.bp.temporal.Temporal,org.threeten.bp.temporal.Temporal)
    public abstract java.lang.String toString()
androidx.core.app.NotificationCompatSideChannelService$NotificationSideChannelStub
org.intellij.lang.annotations.PrintFormatPattern
com.google.common.collect.EnumMultiset$Itr
com.google.common.util.concurrent.CycleDetectingLockFactory$CycleDetectingReentrantReadLock
org.threeten.bp.format.DateTimeTextProvider$ProviderSingleton
com.google.common.base.Objects:
    private void <init>()
com.google.common.collect.Tables$TransformedTable
com.google.cloud.audit.RequestMetadata
org.threeten.bp.Month:
    public java.lang.String getDisplayName(org.threeten.bp.format.TextStyle,java.util.Locale)
    public org.threeten.bp.Month minus(long)
    public org.threeten.bp.Month firstMonthOfQuarter()
kotlin.collections.builders.MapBuilderKeys
okhttp3.ConnectionPool
org.threeten.bp.ZoneId$2
com.google.common.base.JdkPattern
com.google.common.collect.Multimaps$UnmodifiableSetMultimap
kotlin.reflect.KDeclarationContainer
com.google.common.base.FinalizableReferenceQueue$DirectLoader
com.google.common.reflect.Types$WildcardTypeImpl
okhttp3.internal.http.RealResponseBody
kotlin.collections.AbstractMap$values$1
androidx.appcompat.widget.LinearLayoutCompat$OrientationMode
com.google.android.gms.location.zzz:
    public final void onLocationChanged(android.location.Location)
com.google.android.gms.common.api.internal.BaseImplementation$ResultHolder:
    public abstract void setFailedResult(com.google.android.gms.common.api.Status)
io.grpc.StatusException:
    public final io.grpc.Metadata getTrailers()
    private static final long serialVersionUID
dagger.Binds
com.google.common.collect.Serialization$FieldSetter